<?xml version="1.0" encoding="UTF-8"?>
<testsuites>
  <testsuite name="Fruitcake\LaravelDebugbar\Tests\DataCollector\AiCollectorTest" file="/Users/fcuser/Projects/laravel-debugbar/tests/DataCollector/AiCollectorTest.php" tests="5" assertions="29" errors="0" failures="0" skipped="0" time="0.546023">
    <testcase name="testProviderRegistersCollectorWhenAiIsInstalled" file="/Users/fcuser/Projects/laravel-debugbar/tests/DataCollector/AiCollectorTest.php" line="33" class="Fruitcake\LaravelDebugbar\Tests\DataCollector\AiCollectorTest" classname="Fruitcake.LaravelDebugbar.Tests.DataCollector.AiCollectorTest" assertions="1" time="0.473931"/>
    <testcase name="testItRecordsAnAgentRunWithFoldedToolCallsAndUsage" file="/Users/fcuser/Projects/laravel-debugbar/tests/DataCollector/AiCollectorTest.php" line="41" class="Fruitcake\LaravelDebugbar\Tests\DataCollector\AiCollectorTest" classname="Fruitcake.LaravelDebugbar.Tests.DataCollector.AiCollectorTest" assertions="16" time="0.046254"/>
    <testcase name="testToolBufferIsConsumedPerInvocation" file="/Users/fcuser/Projects/laravel-debugbar/tests/DataCollector/AiCollectorTest.php" line="80" class="Fruitcake\LaravelDebugbar\Tests\DataCollector\AiCollectorTest" classname="Fruitcake.LaravelDebugbar.Tests.DataCollector.AiCollectorTest" assertions="2" time="0.005602"/>
    <testcase name="testItOmitsBodiesWhenValuesAreDisabled" file="/Users/fcuser/Projects/laravel-debugbar/tests/DataCollector/AiCollectorTest.php" line="102" class="Fruitcake\LaravelDebugbar\Tests\DataCollector\AiCollectorTest" classname="Fruitcake.LaravelDebugbar.Tests.DataCollector.AiCollectorTest" assertions="7" time="0.010794"/>
    <testcase name="testItTruncatesLongBodies" file="/Users/fcuser/Projects/laravel-debugbar/tests/DataCollector/AiCollectorTest.php" line="131" class="Fruitcake\LaravelDebugbar\Tests\DataCollector\AiCollectorTest" classname="Fruitcake.LaravelDebugbar.Tests.DataCollector.AiCollectorTest" assertions="3" time="0.009443"/>
  </testsuite>
</testsuites>
